<?xml version="1.0" encoding="UTF-8"?>
<!-- Generated by org.testng.reporters.JUnitReportReporter -->
<testsuite hostname="DESKTOP-DN473JI" failures="0" tests="2" name="qaclickacademy.seleniumTest" time="0.004" errors="0" timestamp="2020-04-23T19:45:08 CDT" skipped="0">
  <testcase classname="qaclickacademy.seleniumTest" name="BrowserAutomation" time="0.004"/>
  <system-out/>
  <testcase classname="qaclickacademy.seleniumTest" name="elementsUi" time="0.000"/>
  <system-out/>
</testsuite> <!-- qaclickacademy.seleniumTest -->
