<?xml version="1.0" encoding="UTF-8"?>
<!-- Generated by org.testng.reporters.JUnitReportReporter -->
<testsuite hostname="DESKTOP-DN473JI" failures="0" tests="2" name="qaclickacademy.RestAPITest" time="0.001" errors="0" timestamp="2020-04-23T19:45:08 CDT" skipped="0">
  <testcase classname="qaclickacademy.RestAPITest" name="postJira" time="0.000"/>
  <system-out/>
  <testcase classname="qaclickacademy.RestAPITest" name="deleteTwitter" time="0.001"/>
  <system-out/>
</testsuite> <!-- qaclickacademy.RestAPITest -->
