<?xml version="1.0" encoding="UTF-8"?>
<!-- Generated by org.testng.reporters.JUnitReportReporter -->
<testsuite hostname="DESKTOP-DN473JI" failures="0" tests="2" name="qaclickacademy.AppiumTest" time="0.003" errors="0" timestamp="2020-04-23T19:45:23 CDT" skipped="0">
  <testcase classname="qaclickacademy.AppiumTest" name="IOSapps" time="0.002"/>
  <system-out/>
  <testcase classname="qaclickacademy.AppiumTest" name="NativeAppAndroid" time="0.001"/>
  <system-out/>
</testsuite> <!-- qaclickacademy.AppiumTest -->
